<?xml version="1.0" encoding="UTF-8"?>
<coverage generated="1748166332360" clover="3.2.0">
  <project timestamp="1748166332360" name="All files">
    <metrics statements="17" coveredstatements="17" conditionals="2" coveredconditionals="1" methods="10" coveredmethods="10" elements="29" coveredelements="28" complexity="0" loc="17" ncloc="17" packages="1" files="2" classes="2"/>
    <file name="salesforce.client.ts" path="/Users/peteraronov/dev-work/salesforce/src/salesforce.client.ts">
      <metrics statements="10" coveredstatements="10" conditionals="1" coveredconditionals="1" methods="5" coveredmethods="5"/>
      <line num="1" count="2" type="stmt"/>
      <line num="10" count="2" type="stmt"/>
      <line num="14" count="3" type="stmt"/>
      <line num="20" count="3" type="stmt"/>
      <line num="21" count="1" type="stmt"/>
      <line num="22" count="1" type="stmt"/>
      <line num="25" count="3" type="stmt"/>
      <line num="26" count="1" type="stmt"/>
      <line num="27" count="1" type="stmt"/>
      <line num="47" count="2" type="stmt"/>
    </file>
    <file name="salesforce.service.ts" path="/Users/peteraronov/dev-work/salesforce/src/salesforce.service.ts">
      <metrics statements="7" coveredstatements="7" conditionals="1" coveredconditionals="0" methods="5" coveredmethods="5"/>
      <line num="1" count="1" type="stmt"/>
      <line num="4" count="1" type="stmt"/>
      <line num="8" count="1" type="stmt"/>
      <line num="11" count="1" type="stmt"/>
      <line num="12" count="1" type="stmt"/>
      <line num="15" count="1" type="stmt"/>
      <line num="16" count="1" type="stmt"/>
    </file>
  </project>
</coverage>
