{"/Users/peteraronov/dev-work/salesforce/src/salesforce.client.ts": {"path":"/Users/peteraronov/dev-work/salesforce/src/salesforce.client.ts","statementMap":{"0":{"start":{"line":1,"column":0},"end":{"line":1,"column":26}},"1":{"start":{"line":20,"column":2},"end":{"line":23,"column":4}},"2":{"start":{"line":20,"column":24},"end":{"line":23,"column":4}},"3":{"start":{"line":21,"column":21},"end":{"line":21,"column":61}},"4":{"start":{"line":22,"column":4},"end":{"line":22,"column":25}},"5":{"start":{"line":25,"column":2},"end":{"line":28,"column":4}},"6":{"start":{"line":25,"column":37},"end":{"line":28,"column":4}},"7":{"start":{"line":26,"column":21},"end":{"line":26,"column":67}},"8":{"start":{"line":27,"column":4},"end":{"line":27,"column":25}},"9":{"start":{"line":14,"column":4},"end":{"line":14,"column":27}},"10":{"start":{"line":10,"column":0},"end":{"line":10,"column":13}},"11":{"start":{"line":47,"column":13},"end":{"line":47,"column":55}}},"fnMap":{"0":{"name":"(anonymous_8)","decl":{"start":{"line":13,"column":2},"end":{"line":13,"column":14}},"loc":{"start":{"line":13,"column":62},"end":{"line":15,"column":3}}},"1":{"name":"(anonymous_9)","decl":{"start":{"line":20,"column":13},"end":{"line":20,"column":22}},"loc":{"start":{"line":20,"column":24},"end":{"line":23,"column":4}}},"2":{"name":"(anonymous_10)","decl":{"start":{"line":20,"column":24},"end":{"line":20,"column":null}},"loc":{"start":{"line":20,"column":24},"end":{"line":23,"column":3}}},"3":{"name":"(anonymous_11)","decl":{"start":{"line":25,"column":16},"end":{"line":25,"column":23}},"loc":{"start":{"line":25,"column":37},"end":{"line":28,"column":4}}},"4":{"name":"(anonymous_12)","decl":{"start":{"line":25,"column":37},"end":{"line":25,"column":null}},"loc":{"start":{"line":25,"column":37},"end":{"line":28,"column":3}}}},"branchMap":{"0":{"loc":{"start":{"line":13,"column":14},"end":{"line":13,"column":62}},"type":"default-arg","locations":[{"start":{"line":13,"column":24},"end":{"line":13,"column":62}}]}},"s":{"0":2,"1":3,"2":1,"3":1,"4":1,"5":3,"6":1,"7":1,"8":1,"9":3,"10":2,"11":2},"f":{"0":3,"1":1,"2":1,"3":1,"4":1},"b":{"0":[3]}}
,"/Users/peteraronov/dev-work/salesforce/src/salesforce.service.ts": {"path":"/Users/peteraronov/dev-work/salesforce/src/salesforce.service.ts","statementMap":{"0":{"start":{"line":1,"column":0},"end":{"line":1,"column":55}},"1":{"start":{"line":11,"column":2},"end":{"line":13,"column":4}},"2":{"start":{"line":11,"column":27},"end":{"line":13,"column":4}},"3":{"start":{"line":12,"column":4},"end":{"line":12,"column":40}},"4":{"start":{"line":15,"column":2},"end":{"line":17,"column":4}},"5":{"start":{"line":15,"column":40},"end":{"line":17,"column":4}},"6":{"start":{"line":16,"column":4},"end":{"line":16,"column":45}},"7":{"start":{"line":8,"column":4},"end":{"line":8,"column":25}},"8":{"start":{"line":4,"column":0},"end":{"line":4,"column":13}}},"fnMap":{"0":{"name":"(anonymous_7)","decl":{"start":{"line":7,"column":2},"end":{"line":7,"column":14}},"loc":{"start":{"line":7,"column":58},"end":{"line":9,"column":3}}},"1":{"name":"(anonymous_8)","decl":{"start":{"line":11,"column":16},"end":{"line":11,"column":25}},"loc":{"start":{"line":11,"column":27},"end":{"line":13,"column":4}}},"2":{"name":"(anonymous_9)","decl":{"start":{"line":11,"column":27},"end":{"line":11,"column":null}},"loc":{"start":{"line":11,"column":27},"end":{"line":13,"column":3}}},"3":{"name":"(anonymous_10)","decl":{"start":{"line":15,"column":19},"end":{"line":15,"column":26}},"loc":{"start":{"line":15,"column":40},"end":{"line":17,"column":4}}},"4":{"name":"(anonymous_11)","decl":{"start":{"line":15,"column":40},"end":{"line":15,"column":null}},"loc":{"start":{"line":15,"column":40},"end":{"line":17,"column":3}}}},"branchMap":{"0":{"loc":{"start":{"line":7,"column":14},"end":{"line":7,"column":58}},"type":"default-arg","locations":[{"start":{"line":7,"column":42},"end":{"line":7,"column":58}}]}},"s":{"0":1,"1":1,"2":1,"3":1,"4":1,"5":1,"6":1,"7":1,"8":1},"f":{"0":1,"1":1,"2":1,"3":1,"4":1},"b":{"0":[0]}}
}
