TN:
SF:salesforce/src/salesforce.client.ts
FN:13,(anonymous_8)
FN:20,(anonymous_9)
FN:20,(anonymous_10)
FN:25,(anonymous_11)
FN:25,(anonymous_12)
FNF:5
FNH:5
FNDA:3,(anonymous_8)
FNDA:1,(anonymous_9)
FNDA:1,(anonymous_10)
FNDA:1,(anonymous_11)
FNDA:1,(anonymous_12)
DA:1,2
DA:10,2
DA:14,3
DA:20,3
DA:21,1
DA:22,1
DA:25,3
DA:26,1
DA:27,1
DA:47,2
LF:10
LH:10
BRDA:13,0,0,3
BRF:1
BRH:1
end_of_record
TN:
SF:salesforce/src/salesforce.service.ts
FN:7,(anonymous_7)
FN:11,(anonymous_8)
FN:11,(anonymous_9)
FN:15,(anonymous_10)
FN:15,(anonymous_11)
FNF:5
FNH:5
FNDA:1,(anonymous_7)
FNDA:1,(anonymous_8)
FNDA:1,(anonymous_9)
FNDA:1,(anonymous_10)
FNDA:1,(anonymous_11)
DA:1,1
DA:4,1
DA:8,1
DA:11,1
DA:12,1
DA:15,1
DA:16,1
LF:7
LH:7
BRDA:7,0,0,0
BRF:1
BRH:0
end_of_record
